<?xml version="1.0" encoding="UTF-8"?>
<testng-results total="1" passed="1" failed="0" skipped="0">
  <reporter-output>
  </reporter-output>
  <suite started-at="2023-10-14T02:01:07Z" name="Default suite" finished-at="2023-10-14T02:01:10Z" duration-ms="3184">
    <groups>
    </groups>
    <test started-at="2023-10-14T02:01:07Z" name="Default test" finished-at="2023-10-14T02:01:10Z" duration-ms="3184">
      <class name="https_method.Put_Post_methods">
        <test-method signature="updateUser()[pri:0, instance:https_method.Put_Post_methods@127a7a2e]" started-at="2023-10-13T19:01:07Z" name="updateUser" finished-at="2023-10-13T19:01:10Z" duration-ms="3147" status="PASS">
          <reporter-output>
          </reporter-output>
        </test-method> <!-- updateUser -->
      </class> <!-- https_method.Put_Post_methods -->
    </test> <!-- Default test -->
  </suite> <!-- Default suite -->
</testng-results>
