<?xml version="1.0" encoding="UTF-8"?>
<testng-results ignored="0" total="2" passed="2" failed="0" skipped="0">
  <reporter-output>
  </reporter-output>
  <suite started-at="2023-10-23T19:19:04 PDT" name="Default suite" finished-at="2023-10-23T19:19:08 PDT" duration-ms="4001">
    <groups>
    </groups>
    <test started-at="2023-10-23T19:19:04 PDT" name="Default test" finished-at="2023-10-23T19:19:08 PDT" duration-ms="4001">
      <class name="tests.Get_Method">
        <test-method is-config="true" signature="beforeTest()[pri:0, instance:tests.Get_Method@72c8e7b]" started-at="2023-10-23T19:19:04 PDT" name="beforeTest" finished-at="2023-10-23T19:19:04 PDT" duration-ms="21" status="PASS">
          <reporter-output>
          </reporter-output>
        </test-method> <!-- beforeTest -->
        <test-method signature="getAllUsers()[pri:0, instance:tests.Get_Method@72c8e7b]" started-at="2023-10-23T19:19:04 PDT" name="getAllUsers" finished-at="2023-10-23T19:19:08 PDT" duration-ms="3604" status="PASS">
          <reporter-output>
          </reporter-output>
        </test-method> <!-- getAllUsers -->
        <test-method signature="getSingleUser()[pri:0, instance:tests.Get_Method@72c8e7b]" started-at="2023-10-23T19:19:08 PDT" name="getSingleUser" finished-at="2023-10-23T19:19:08 PDT" duration-ms="260" status="PASS">
          <reporter-output>
          </reporter-output>
        </test-method> <!-- getSingleUser -->
      </class> <!-- tests.Get_Method -->
    </test> <!-- Default test -->
  </suite> <!-- Default suite -->
</testng-results>
